AWS Resource Report - Fri Feb 28 11:10:02 UTC 2025
### EC2 Instances ###
----------------------------------------------------------------
|                       DescribeInstances                      |
+----------------------+----------+----------------+-----------+
|  i-0d9b882dc1e355814 |  running |  13.61.12.141  |  t3.micro |
+----------------------+----------+----------------+-----------+


### RDS Instances ###


### S3 Buckets ###
-----------------------------
|        ListBuckets        |
+---------------------------+
|  shell-script-automation  |
+---------------------------+


### CloudFront Distributions ###


### VPCs ###
-----------------------------------------------------------
|                      DescribeVpcs                       |
+---------------------------------------------------------+
||                         Vpcs                          ||
|+----------------------+--------------------------------+|
||  CidrBlock           |  172.31.0.0/16                 ||
||  DhcpOptionsId       |  dopt-02ecd9d9464815d9e        ||
||  InstanceTenancy     |  default                       ||
||  IsDefault           |  True                          ||
||  OwnerId             |  850995570360                  ||
||  State               |  available                     ||
||  VpcId               |  vpc-054ce2334d4019fcd         ||
|+----------------------+--------------------------------+|
|||               BlockPublicAccessStates               |||
||+------------------------------------------+----------+||
|||  InternetGatewayBlockMode                |  off     |||
||+------------------------------------------+----------+||
|||               CidrBlockAssociationSet               |||
||+----------------+------------------------------------+||
|||  AssociationId |  vpc-cidr-assoc-03d4e306574bebdfb  |||
|||  CidrBlock     |  172.31.0.0/16                     |||
||+----------------+------------------------------------+||
||||                  CidrBlockState                   ||||
|||+-------------------+-------------------------------+|||
||||  State            |  associated                   ||||
|||+-------------------+-------------------------------+|||


### IAM Users ###
--------------------------------------------------------------
|                          ListUsers                         |
+------------------------------------------------------------+
||                           Users                          ||
|+-------------------+--------------------------------------+|
||  Arn              |  arn:aws:iam::850995570360:user/JDC  ||
||  CreateDate       |  2025-02-18T20:00:53+00:00           ||
||  PasswordLastUsed |  2025-02-18T20:06:37+00:00           ||
||  Path             |  /                                   ||
||  UserId           |  AIDA4MI2J424KBHXYF77Q               ||
||  UserName         |  JDC                                 ||
|+-------------------+--------------------------------------+|


### Route53 Hosted Zones ###
{
    "HostedZones": []
}


### CloudWatch Alarms ###
----------------
|DescribeAlarms|
+--------------+


### CloudFormation Stacks ###
----------------
|DescribeStacks|
+--------------+


### Lambda Functions ###
---------------
|ListFunctions|
+-------------+


### SNS Topics ###
{
    "Topics": []
}


### SQS Queues ###


### DynamoDB Tables ###
{
    "TableNames": []
}


### EBS Volumes ###
--------------------------------------------------------------
|                       DescribeVolumes                      |
+------------------------------------------------------------+
||                          Volumes                         ||
|+---------------------+------------------------------------+|
||  AvailabilityZone   |  eu-north-1b                       ||
||  CreateTime         |  2025-02-28T09:31:30.714000+00:00  ||
||  Encrypted          |  False                             ||
||  Iops               |  3000                              ||
||  MultiAttachEnabled |  False                             ||
||  Size               |  8                                 ||
||  SnapshotId         |  snap-046802eb841ec1309            ||
||  State              |  in-use                            ||
||  Throughput         |  125                               ||
||  VolumeId           |  vol-0771fcb3aaa61377f             ||
||  VolumeType         |  gp3                               ||
|+---------------------+------------------------------------+|
|||                       Attachments                      |||
||+------------------------+-------------------------------+||
|||  AttachTime            |  2025-02-28T09:31:30+00:00    |||
|||  DeleteOnTermination   |  True                         |||
|||  Device                |  /dev/sda1                    |||
|||  InstanceId            |  i-0d9b882dc1e355814          |||
|||  State                 |  attached                     |||
|||  VolumeId              |  vol-0771fcb3aaa61377f        |||
||+------------------------+-------------------------------+||
|||                        Operator                        |||
||+------------------------------+-------------------------+||
|||  Managed                     |  False                  |||
||+------------------------------+-------------------------+||


